Info: Starting: Create block symbol file (.bsf)
Info: qsys-generate D:\the_project\the_project\the_project\code_quartus\hades.qsys --block-symbol-file --output-directory=D:\the_project\the_project\the_project\code_quartus\hades --family="Cyclone V" --part=5CSEBA6U23I7
Progress: Loading code_quartus/hades.qsys
Progress: Reading input file
Progress: Adding clk_0 [clock_source 17.0]
Progress: Parameterizing module clk_0
Progress: Adding hps_0 [altera_hps 17.0]
Progress: Parameterizing module hps_0
Progress: Adding mm_bridge_0 [altera_avalon_mm_bridge 17.0]
Progress: Parameterizing module mm_bridge_0
Progress: Adding pio_0 [altera_avalon_pio 17.0]
Progress: Parameterizing module pio_0
Progress: Adding pio_1 [altera_avalon_pio 17.0]
Progress: Parameterizing module pio_1
Progress: Adding pio_output_to_hps_0 [pio_output_to_hps 1.0]
Progress: Parameterizing module pio_output_to_hps_0
Progress: Building connections
Progress: Parameterizing connections
Progress: Validating
Progress: Done reading input file
Info: hades.hps_0: HPS Main PLL counter settings: n = 0  m = 63
Info: hades.hps_0: HPS peripherial PLL counter settings: n = 0  m = 39
Warning: hades.hps_0: ODT is disabled. Enabling ODT (Mode Register 1) may improve signal integrity
Warning: hades.hps_0: set_interface_assignment: Interface "hps_io" does not exist
Info: hades.pio_1: PIO inputs are not hardwired in test bench. Undefined values will be read from PIO inputs during simulation.
Warning: hades.hps_0: hps_0.h2f_mpu_events must be exported, or connected to a matching conduit.
Info: qsys-generate succeeded.
Info: Finished: Create block symbol file (.bsf)
Info: 
Info: Starting: Create HDL design files for synthesis
Info: qsys-generate D:\the_project\the_project\the_project\code_quartus\hades.qsys --synthesis=VERILOG --output-directory=D:\the_project\the_project\the_project\code_quartus\hades\synthesis --family="Cyclone V" --part=5CSEBA6U23I7
Progress: Loading code_quartus/hades.qsys
Progress: Reading input file
Progress: Adding clk_0 [clock_source 17.0]
Progress: Parameterizing module clk_0
Progress: Adding hps_0 [altera_hps 17.0]
Progress: Parameterizing module hps_0
Progress: Adding mm_bridge_0 [altera_avalon_mm_bridge 17.0]
Progress: Parameterizing module mm_bridge_0
Progress: Adding pio_0 [altera_avalon_pio 17.0]
Progress: Parameterizing module pio_0
Progress: Adding pio_1 [altera_avalon_pio 17.0]
Progress: Parameterizing module pio_1
Progress: Adding pio_output_to_hps_0 [pio_output_to_hps 1.0]
Progress: Parameterizing module pio_output_to_hps_0
Progress: Building connections
Progress: Parameterizing connections
Progress: Validating
Progress: Done reading input file
Info: hades.hps_0: HPS Main PLL counter settings: n = 0  m = 63
Info: hades.hps_0: HPS peripherial PLL counter settings: n = 0  m = 39
Warning: hades.hps_0: ODT is disabled. Enabling ODT (Mode Register 1) may improve signal integrity
Warning: hades.hps_0: set_interface_assignment: Interface "hps_io" does not exist
Info: hades.pio_1: PIO inputs are not hardwired in test bench. Undefined values will be read from PIO inputs during simulation.
Warning: hades.hps_0: hps_0.h2f_mpu_events must be exported, or connected to a matching conduit.
Info: hades: Generating hades "hades" for QUARTUS_SYNTH
Info: Interconnect is inserted between master hps_0.h2f_axi_master and slave mm_bridge_0.s0 because the master is of type axi and the slave is of type avalon.
Info: hps_0: "Running  for module: hps_0"
Info: hps_0: HPS Main PLL counter settings: n = 0  m = 63
Info: hps_0: HPS peripherial PLL counter settings: n = 0  m = 39
Warning: hps_0: ODT is disabled. Enabling ODT (Mode Register 1) may improve signal integrity
Warning: hps_0: set_interface_assignment: Interface "hps_io" does not exist
Info: hps_0: "hades" instantiated altera_hps "hps_0"
Info: mm_bridge_0: "hades" instantiated altera_avalon_mm_bridge "mm_bridge_0"
Info: pio_0: Starting RTL generation for module 'hades_pio_0'
Info: pio_0:   Generation command is [exec C:/intelfpga_lite/17.0/quartus/bin64/perl/bin/perl.exe -I C:/intelfpga_lite/17.0/quartus/bin64/perl/lib -I C:/intelfpga_lite/17.0/quartus/sopc_builder/bin/europa -I C:/intelfpga_lite/17.0/quartus/sopc_builder/bin/perl_lib -I C:/intelfpga_lite/17.0/quartus/sopc_builder/bin -I C:/intelfpga_lite/17.0/quartus/../ip/altera/sopc_builder_ip/common -I C:/intelfpga_lite/17.0/quartus/../ip/altera/sopc_builder_ip/altera_avalon_pio -- C:/intelfpga_lite/17.0/quartus/../ip/altera/sopc_builder_ip/altera_avalon_pio/generate_rtl.pl --name=hades_pio_0 --dir=C:/Users/calic/AppData/Local/Temp/alt0062_8289957449903713570.dir/0002_pio_0_gen/ --quartus_dir=C:/intelfpga_lite/17.0/quartus --verilog --config=C:/Users/calic/AppData/Local/Temp/alt0062_8289957449903713570.dir/0002_pio_0_gen//hades_pio_0_component_configuration.pl  --do_build_sim=0  ]
Info: pio_0: Done RTL generation for module 'hades_pio_0'
Info: pio_0: "hades" instantiated altera_avalon_pio "pio_0"
Info: pio_1: Starting RTL generation for module 'hades_pio_1'
Info: pio_1:   Generation command is [exec C:/intelfpga_lite/17.0/quartus/bin64/perl/bin/perl.exe -I C:/intelfpga_lite/17.0/quartus/bin64/perl/lib -I C:/intelfpga_lite/17.0/quartus/sopc_builder/bin/europa -I C:/intelfpga_lite/17.0/quartus/sopc_builder/bin/perl_lib -I C:/intelfpga_lite/17.0/quartus/sopc_builder/bin -I C:/intelfpga_lite/17.0/quartus/../ip/altera/sopc_builder_ip/common -I C:/intelfpga_lite/17.0/quartus/../ip/altera/sopc_builder_ip/altera_avalon_pio -- C:/intelfpga_lite/17.0/quartus/../ip/altera/sopc_builder_ip/altera_avalon_pio/generate_rtl.pl --name=hades_pio_1 --dir=C:/Users/calic/AppData/Local/Temp/alt0062_8289957449903713570.dir/0003_pio_1_gen/ --quartus_dir=C:/intelfpga_lite/17.0/quartus --verilog --config=C:/Users/calic/AppData/Local/Temp/alt0062_8289957449903713570.dir/0003_pio_1_gen//hades_pio_1_component_configuration.pl  --do_build_sim=0  ]
Info: pio_1: Done RTL generation for module 'hades_pio_1'
Info: pio_1: "hades" instantiated altera_avalon_pio "pio_1"
Info: pio_output_to_hps_0: "hades" instantiated pio_output_to_hps "pio_output_to_hps_0"
Info: avalon_st_adapter: Inserting error_adapter: error_adapter_0
Info: mm_interconnect_0: "hades" instantiated altera_mm_interconnect "mm_interconnect_0"
Info: avalon_st_adapter: Inserting error_adapter: error_adapter_0
Info: avalon_st_adapter_001: Inserting error_adapter: error_adapter_0
Info: avalon_st_adapter_002: Inserting error_adapter: error_adapter_0
Info: mm_interconnect_1: "hades" instantiated altera_mm_interconnect "mm_interconnect_1"
Info: rst_controller: "hades" instantiated altera_reset_controller "rst_controller"
Info: fpga_interfaces: "hps_0" instantiated altera_interface_generator "fpga_interfaces"
Info: hps_io: "hps_0" instantiated altera_hps_io "hps_io"
Info: mm_bridge_0_s0_translator: "mm_interconnect_0" instantiated altera_merlin_slave_translator "mm_bridge_0_s0_translator"
Info: hps_0_h2f_axi_master_agent: "mm_interconnect_0" instantiated altera_merlin_axi_master_ni "hps_0_h2f_axi_master_agent"
Info: mm_bridge_0_s0_agent: "mm_interconnect_0" instantiated altera_merlin_slave_agent "mm_bridge_0_s0_agent"
Info: mm_bridge_0_s0_agent_rsp_fifo: "mm_interconnect_0" instantiated altera_avalon_sc_fifo "mm_bridge_0_s0_agent_rsp_fifo"
Info: router: "mm_interconnect_0" instantiated altera_merlin_router "router"
Info: router_002: "mm_interconnect_0" instantiated altera_merlin_router "router_002"
Info: mm_bridge_0_s0_burst_adapter: "mm_interconnect_0" instantiated altera_merlin_burst_adapter "mm_bridge_0_s0_burst_adapter"
Info: Reusing file D:/the_project/the_project/the_project/code_quartus/hades/synthesis/submodules/altera_merlin_address_alignment.sv
Info: cmd_demux: "mm_interconnect_0" instantiated altera_merlin_demultiplexer "cmd_demux"
Info: cmd_mux: "mm_interconnect_0" instantiated altera_merlin_multiplexer "cmd_mux"
Info: rsp_demux: "mm_interconnect_0" instantiated altera_merlin_demultiplexer "rsp_demux"
Info: rsp_mux: "mm_interconnect_0" instantiated altera_merlin_multiplexer "rsp_mux"
Info: Reusing file D:/the_project/the_project/the_project/code_quartus/hades/synthesis/submodules/altera_merlin_arbitrator.sv
Info: mm_bridge_0_s0_rsp_width_adapter: "mm_interconnect_0" instantiated altera_merlin_width_adapter "mm_bridge_0_s0_rsp_width_adapter"
Info: Reusing file D:/the_project/the_project/the_project/code_quartus/hades/synthesis/submodules/altera_merlin_address_alignment.sv
Info: Reusing file D:/the_project/the_project/the_project/code_quartus/hades/synthesis/submodules/altera_merlin_burst_uncompressor.sv
Info: avalon_st_adapter: "mm_interconnect_0" instantiated altera_avalon_st_adapter "avalon_st_adapter"
Info: mm_bridge_0_m0_translator: "mm_interconnect_1" instantiated altera_merlin_master_translator "mm_bridge_0_m0_translator"
Info: mm_bridge_0_m0_agent: "mm_interconnect_1" instantiated altera_merlin_master_agent "mm_bridge_0_m0_agent"
Info: router: "mm_interconnect_1" instantiated altera_merlin_router "router"
Info: router_001: "mm_interconnect_1" instantiated altera_merlin_router "router_001"
Info: router_002: "mm_interconnect_1" instantiated altera_merlin_router "router_002"
Info: mm_bridge_0_m0_limiter: "mm_interconnect_1" instantiated altera_merlin_traffic_limiter "mm_bridge_0_m0_limiter"
Info: Reusing file D:/the_project/the_project/the_project/code_quartus/hades/synthesis/submodules/altera_avalon_sc_fifo.v
Info: Reusing file D:/the_project/the_project/the_project/code_quartus/hades/synthesis/submodules/altera_avalon_st_pipeline_base.v
Info: cmd_demux: "mm_interconnect_1" instantiated altera_merlin_demultiplexer "cmd_demux"
Info: cmd_mux: "mm_interconnect_1" instantiated altera_merlin_multiplexer "cmd_mux"
Info: Reusing file D:/the_project/the_project/the_project/code_quartus/hades/synthesis/submodules/altera_merlin_arbitrator.sv
Info: rsp_demux: "mm_interconnect_1" instantiated altera_merlin_demultiplexer "rsp_demux"
Info: rsp_mux: "mm_interconnect_1" instantiated altera_merlin_multiplexer "rsp_mux"
Info: Reusing file D:/the_project/the_project/the_project/code_quartus/hades/synthesis/submodules/altera_merlin_arbitrator.sv
Info: avalon_st_adapter_001: "mm_interconnect_1" instantiated altera_avalon_st_adapter "avalon_st_adapter_001"
Info: border: "hps_io" instantiated altera_interface_generator "border"
Info: error_adapter_0: "avalon_st_adapter" instantiated error_adapter "error_adapter_0"
Info: error_adapter_0: "avalon_st_adapter_001" instantiated error_adapter "error_adapter_0"
Info: hades: Done "hades" with 38 modules, 95 files
Info: qsys-generate succeeded.
Info: Finished: Create HDL design files for synthesis
